2020-04-11 22:48:39,467 INFO com.appd.mvp.MvpApplication [main] Starting MvpApplication on DESKTOP-LEJDT05 with PID 15572 (C:\Users\niwar\Documents\APPD_EventHub\mvp\target\classes started by niwar in C:\Users\niwar\Documents\APPD_EventHub\mvp)
2020-04-11 22:48:39,468 INFO com.appd.mvp.MvpApplication [main] The following profiles are active: prod
2020-04-11 22:48:40,327 INFO org.springframework.boot.web.embedded.tomcat.TomcatWebServer [main] Tomcat initialized with port(s): 7180 (http)
2020-04-11 22:48:40,337 INFO org.apache.catalina.core.StandardService [main] Starting service [Tomcat]
2020-04-11 22:48:40,350 INFO org.apache.catalina.core.StandardEngine [main] Starting Servlet engine: [Apache Tomcat/9.0.33]
2020-04-11 22:48:40,492 INFO org.apache.catalina.core.ContainerBase.[Tomcat].[localhost].[/] [main] Initializing Spring embedded WebApplicationContext
2020-04-11 22:48:40,492 INFO org.springframework.web.context.ContextLoader [main] Root WebApplicationContext: initialization completed in 968 ms
2020-04-11 22:48:40,628 INFO org.springframework.scheduling.concurrent.ThreadPoolTaskExecutor [main] Initializing ExecutorService 'applicationTaskExecutor'
2020-04-11 22:48:41,169 INFO org.springframework.boot.web.embedded.tomcat.TomcatWebServer [main] Tomcat started on port(s): 7180 (http) with context path ''
2020-04-11 22:48:41,172 INFO com.appd.mvp.MvpApplication [main] Started MvpApplication in 2.21 seconds (JVM running for 2.542)
2020-04-11 22:48:43,996 INFO org.springframework.scheduling.concurrent.ThreadPoolTaskExecutor [SpringContextShutdownHook] Shutting down ExecutorService 'applicationTaskExecutor'
2020-04-11 23:03:05,389 INFO com.appd.mvp.MvpApplicationTests [main] Starting MvpApplicationTests on DESKTOP-LEJDT05 with PID 2892 (started by niwar in C:\Users\niwar\Documents\APPD_EventHub\mvp)
2020-04-11 23:03:05,390 DEBUG com.appd.mvp.MvpApplicationTests [main] Running with Spring Boot v2.2.6.RELEASE, Spring v5.2.5.RELEASE
2020-04-11 23:03:05,390 INFO com.appd.mvp.MvpApplicationTests [main] The following profiles are active: prod
2020-04-11 23:03:06,107 INFO org.springframework.scheduling.concurrent.ThreadPoolTaskExecutor [main] Initializing ExecutorService 'applicationTaskExecutor'
2020-04-11 23:03:06,307 INFO org.springframework.boot.test.mock.web.SpringBootMockServletContext [main] Initializing Spring TestDispatcherServlet ''
2020-04-11 23:03:06,308 INFO org.springframework.test.web.servlet.TestDispatcherServlet [main] Initializing Servlet ''
2020-04-11 23:03:06,318 INFO org.springframework.test.web.servlet.TestDispatcherServlet [main] Completed initialization in 10 ms
2020-04-11 23:03:06,340 INFO com.appd.mvp.MvpApplicationTests [main] Started MvpApplicationTests in 1.272 seconds (JVM running for 2.11)
2020-04-11 23:03:06,749 DEBUG com.appd.mvp.EventHub [main] Received request from a client
2020-04-11 23:03:06,991 INFO org.springframework.scheduling.concurrent.ThreadPoolTaskExecutor [SpringContextShutdownHook] Shutting down ExecutorService 'applicationTaskExecutor'
2020-04-11 23:05:22,825 INFO com.appd.mvp.MvpApplicationTests [main] Starting MvpApplicationTests on DESKTOP-LEJDT05 with PID 1832 (started by niwar in C:\Users\niwar\Documents\APPD_EventHub\mvp)
2020-04-11 23:05:22,826 DEBUG com.appd.mvp.MvpApplicationTests [main] Running with Spring Boot v2.2.6.RELEASE, Spring v5.2.5.RELEASE
2020-04-11 23:05:22,826 INFO com.appd.mvp.MvpApplicationTests [main] The following profiles are active: prod
2020-04-11 23:05:23,520 INFO org.springframework.scheduling.concurrent.ThreadPoolTaskExecutor [main] Initializing ExecutorService 'applicationTaskExecutor'
2020-04-11 23:05:23,719 INFO org.springframework.boot.test.mock.web.SpringBootMockServletContext [main] Initializing Spring TestDispatcherServlet ''
2020-04-11 23:05:23,719 INFO org.springframework.test.web.servlet.TestDispatcherServlet [main] Initializing Servlet ''
2020-04-11 23:05:23,730 INFO org.springframework.test.web.servlet.TestDispatcherServlet [main] Completed initialization in 10 ms
2020-04-11 23:05:23,753 INFO com.appd.mvp.MvpApplicationTests [main] Started MvpApplicationTests in 1.248 seconds (JVM running for 2.059)
2020-04-11 23:05:24,167 DEBUG com.appd.mvp.EventHub [main] Received request from a client
2020-04-11 23:05:24,400 INFO org.springframework.scheduling.concurrent.ThreadPoolTaskExecutor [SpringContextShutdownHook] Shutting down ExecutorService 'applicationTaskExecutor'
2020-04-11 23:23:58,288 INFO com.appd.mvp.MvpApplicationTests [main] Starting MvpApplicationTests on DESKTOP-LEJDT05 with PID 10528 (started by niwar in C:\Users\niwar\Documents\APPD_EventHub\mvp)
2020-04-11 23:23:58,289 DEBUG com.appd.mvp.MvpApplicationTests [main] Running with Spring Boot v2.2.6.RELEASE, Spring v5.2.5.RELEASE
2020-04-11 23:23:58,289 INFO com.appd.mvp.MvpApplicationTests [main] The following profiles are active: prod
2020-04-11 23:23:58,981 INFO org.springframework.scheduling.concurrent.ThreadPoolTaskExecutor [main] Initializing ExecutorService 'applicationTaskExecutor'
2020-04-11 23:23:59,181 INFO org.springframework.boot.test.mock.web.SpringBootMockServletContext [main] Initializing Spring TestDispatcherServlet ''
2020-04-11 23:23:59,182 INFO org.springframework.test.web.servlet.TestDispatcherServlet [main] Initializing Servlet ''
2020-04-11 23:23:59,192 INFO org.springframework.test.web.servlet.TestDispatcherServlet [main] Completed initialization in 10 ms
2020-04-11 23:23:59,212 INFO com.appd.mvp.MvpApplicationTests [main] Started MvpApplicationTests in 1.234 seconds (JVM running for 2.036)
2020-04-11 23:23:59,614 DEBUG com.appd.mvp.EventHub [main] Received request from a client
2020-04-11 23:23:59,860 INFO org.springframework.scheduling.concurrent.ThreadPoolTaskExecutor [SpringContextShutdownHook] Shutting down ExecutorService 'applicationTaskExecutor'
2020-04-11 23:52:51,261 INFO com.appd.mvp.MvpApplicationTests [main] Starting MvpApplicationTests on DESKTOP-LEJDT05 with PID 21692 (started by niwar in C:\Users\niwar\Documents\APPD_EventHub\mvp)
2020-04-11 23:52:51,262 DEBUG com.appd.mvp.MvpApplicationTests [main] Running with Spring Boot v2.2.6.RELEASE, Spring v5.2.5.RELEASE
2020-04-11 23:52:51,262 INFO com.appd.mvp.MvpApplicationTests [main] The following profiles are active: prod
2020-04-11 23:52:51,964 INFO org.springframework.scheduling.concurrent.ThreadPoolTaskExecutor [main] Initializing ExecutorService 'applicationTaskExecutor'
2020-04-11 23:52:52,159 INFO org.springframework.boot.test.mock.web.SpringBootMockServletContext [main] Initializing Spring TestDispatcherServlet ''
2020-04-11 23:52:52,159 INFO org.springframework.test.web.servlet.TestDispatcherServlet [main] Initializing Servlet ''
2020-04-11 23:52:52,171 INFO org.springframework.test.web.servlet.TestDispatcherServlet [main] Completed initialization in 12 ms
2020-04-11 23:52:52,194 INFO com.appd.mvp.MvpApplicationTests [main] Started MvpApplicationTests in 1.245 seconds (JVM running for 2.042)
2020-04-11 23:52:52,591 DEBUG com.appd.mvp.EventHub [main] Received request from a client
2020-04-11 23:52:52,863 INFO org.springframework.scheduling.concurrent.ThreadPoolTaskExecutor [SpringContextShutdownHook] Shutting down ExecutorService 'applicationTaskExecutor'
2020-04-11 23:54:20,310 INFO com.appd.mvp.MvpApplicationTests [main] Starting MvpApplicationTests on DESKTOP-LEJDT05 with PID 9536 (started by niwar in C:\Users\niwar\Documents\APPD_EventHub\mvp)
2020-04-11 23:54:20,311 DEBUG com.appd.mvp.MvpApplicationTests [main] Running with Spring Boot v2.2.6.RELEASE, Spring v5.2.5.RELEASE
2020-04-11 23:54:20,312 INFO com.appd.mvp.MvpApplicationTests [main] The following profiles are active: prod
2020-04-11 23:54:21,020 INFO org.springframework.scheduling.concurrent.ThreadPoolTaskExecutor [main] Initializing ExecutorService 'applicationTaskExecutor'
2020-04-11 23:54:21,222 INFO org.springframework.boot.test.mock.web.SpringBootMockServletContext [main] Initializing Spring TestDispatcherServlet ''
2020-04-11 23:54:21,222 INFO org.springframework.test.web.servlet.TestDispatcherServlet [main] Initializing Servlet ''
2020-04-11 23:54:21,236 INFO org.springframework.test.web.servlet.TestDispatcherServlet [main] Completed initialization in 14 ms
2020-04-11 23:54:21,258 INFO com.appd.mvp.MvpApplicationTests [main] Started MvpApplicationTests in 1.267 seconds (JVM running for 2.058)
2020-04-11 23:54:21,673 DEBUG com.appd.mvp.EventHub [main] Received request from a client
2020-04-11 23:54:21,923 INFO org.springframework.scheduling.concurrent.ThreadPoolTaskExecutor [SpringContextShutdownHook] Shutting down ExecutorService 'applicationTaskExecutor'
